<?xml version="1.0" encoding="UTF-8"?>
<!-- Generated by org.testng.reporters.JUnitReportReporter -->
<testsuite hostname="DESKTOP-QJQNBBO" failures="0" tests="1" name="TestNG_sequential.facebook" time="18.452" errors="0" timestamp="2023-10-18T11:45:46 IST" skipped="0">
  <testcase classname="TestNG_sequential.facebook" name="fb" time="18.452"/>
</testsuite> <!-- TestNG_sequential.facebook -->
