<?xml version="1.0" encoding="UTF-8"?>
<!-- Generated by org.testng.reporters.JUnitReportReporter -->
<testsuite hostname="DESKTOP-QJQNBBO" failures="0" tests="1" name="TestNG_Parallel.flipkart" time="65.549" errors="0" timestamp="2023-10-19T10:53:00 IST" skipped="0">
  <testcase classname="TestNG_Parallel.flipkart" name="fb" time="65.549"/>
</testsuite> <!-- TestNG_Parallel.flipkart -->
