<?xml version="1.0" encoding="UTF-8"?>
<!-- Generated by org.testng.reporters.JUnitReportReporter -->
<testsuite hostname="DESKTOP-QJQNBBO" failures="0" tests="1" name="TestNG_Group.sample2" time="0.052" errors="0" timestamp="2023-10-20T11:01:22 IST" skipped="0">
  <testcase classname="TestNG_Group.sample2" name="demo4" time="0.052"/>
</testsuite> <!-- TestNG_Group.sample2 -->
