<?xml version="1.0" encoding="UTF-8"?>
<!-- Generated by org.testng.reporters.JUnitReportReporter -->
<testsuite hostname="DESKTOP-QJQNBBO" failures="0" tests="1" name="TestNG_Parallel.facebook" time="51.743" errors="0" timestamp="2023-10-19T10:53:02 IST" skipped="0">
  <testcase classname="TestNG_Parallel.facebook" name="fb" time="51.743"/>
</testsuite> <!-- TestNG_Parallel.facebook -->
