<?xml version="1.0" encoding="UTF-8"?>
<!-- Generated by org.testng.reporters.JUnitReportReporter -->
<testsuite hostname="DESKTOP-QJQNBBO" failures="0" tests="7" name="TestNG.priority_Invocation_enabled" time="0.158" errors="0" timestamp="2023-10-18T11:18:02 IST" skipped="0">
  <testcase classname="TestNG.priority_Invocation_enabled" name="demo2" time="0.008"/>
  <testcase classname="TestNG.priority_Invocation_enabled" name="demo2" time="0.033"/>
  <testcase classname="TestNG.priority_Invocation_enabled" name="demo2" time="0.033"/>
  <testcase classname="TestNG.priority_Invocation_enabled" name="demo2" time="0.022"/>
  <testcase classname="TestNG.priority_Invocation_enabled" name="demo1" time="0.037"/>
  <testcase classname="TestNG.priority_Invocation_enabled" name="demo1" time="0.012"/>
  <testcase classname="TestNG.priority_Invocation_enabled" name="demo2" time="0.013"/>
</testsuite> <!-- TestNG.priority_Invocation_enabled -->
